AI_Customizing_짓 허브/app/build/intermediates/manifest_merge_blame_file/debug/processDebugMainManifest/manifest-merger-blame-debug-report.txt
1<?xml version="1.0" encoding="utf-8"?>
2<manifest xmlns:android="http://schemas.android.com/apk/res/android"
3    package="com.example.ai_customizing"
4    android:versionCode="1"
5    android:versionName="1.0" >
6
7    <uses-sdk
8        android:minSdkVersion="24"
9        android:targetSdkVersion="34" />
10
11    <!-- 모든 패키지에 접근할 수 있는 권한 요청 -->
12    <!-- 아주아주 위험한 권한 청소앱, 백신앱 같은 목적 말고는 사용 불가 -->
13    <uses-permission android:name="android.permission.QUERY_ALL_PACKAGES" />
13-->src\main\AndroidManifest.xml:7:5-8:53
13-->src\main\AndroidManifest.xml:7:22-74
14    <uses-permission android:name="android.permission.WRITE_EXTERNAL_STORAGE" />
14-->src\main\AndroidManifest.xml:9:5-81
14-->src\main\AndroidManifest.xml:9:22-78
15    <uses-permission android:name="android.permission.READ_EXTERNAL_STORAGE" />
15-->src\main\AndroidManifest.xml:10:5-80
15-->src\main\AndroidManifest.xml:10:22-77
16    <uses-permission android:name="android.permission.INTERNET" />
16-->src\main\AndroidManifest.xml:11:5-66
16-->src\main\AndroidManifest.xml:11:22-64
17
18    <permission
18-->[androidx.core:core:1.13.0] AndroidManifest.xml:22:5-24:47
19        android:name="com.example.ai_customizing.DYNAMIC_RECEIVER_NOT_EXPORTED_PERMISSION"
19-->[androidx.core:core:1.13.0] AndroidManifest.xml:23:9-81
20        android:protectionLevel="signature" />
20-->[androidx.core:core:1.13.0] AndroidManifest.xml:24:9-44
21
22    <uses-permission android:name="com.example.ai_customizing.DYNAMIC_RECEIVER_NOT_EXPORTED_PERMISSION" />
22-->[androidx.core:core:1.13.0] AndroidManifest.xml:26:5-97
22-->[androidx.core:core:1.13.0] AndroidManifest.xml:26:22-94
23
24    <application
24-->src\main\AndroidManifest.xml:17:5-72:19
25        android:allowBackup="true"
25-->src\main\AndroidManifest.xml:19:9-35
26        android:appComponentFactory="androidx.core.app.CoreComponentFactory"
26-->[androidx.core:core:1.13.0] AndroidManifest.xml:28:18-86
27        android:dataExtractionRules="@xml/data_extraction_rules"
27-->src\main\AndroidManifest.xml:20:9-65
28        android:debuggable="true"
29        android:extractNativeLibs="false"
30        android:fullBackupContent="@xml/backup_rules"
30-->src\main\AndroidManifest.xml:21:9-54
31        android:icon="@mipmap/ic_launcher"
31-->src\main\AndroidManifest.xml:22:9-43
32        android:label="@string/app_name"
32-->src\main\AndroidManifest.xml:23:9-41
33        android:roundIcon="@mipmap/ic_launcher_round"
33-->src\main\AndroidManifest.xml:24:9-54
34        android:supportsRtl="true"
34-->src\main\AndroidManifest.xml:25:9-35
35        android:testOnly="true"
36        android:theme="@style/Theme.AI_Customizing"
36-->src\main\AndroidManifest.xml:26:9-52
37        android:usesCleartextTraffic="true" >
37-->src\main\AndroidManifest.xml:18:9-44
38        <meta-data
38-->src\main\AndroidManifest.xml:28:9-30:56
39            android:name="com.google.android.actions"
39-->src\main\AndroidManifest.xml:29:13-54
40            android:resource="@layout/item_app_info" />
40-->src\main\AndroidManifest.xml:30:13-53
41
42        <receiver
42-->src\main\AndroidManifest.xml:32:9-45:20
43            android:name="com.example.ai_customizing.Customizing_widget"
43-->src\main\AndroidManifest.xml:33:13-47
44            android:exported="false" >
44-->src\main\AndroidManifest.xml:34:13-37
45            <intent-filter>
45-->src\main\AndroidManifest.xml:35:13-37:29
46                <action android:name="com.example.ai_customizing.ACTION_ENLARGE_IMAGE" />
46-->src\main\AndroidManifest.xml:36:17-90
46-->src\main\AndroidManifest.xml:36:25-87
47            </intent-filter>
48            <intent-filter>
48-->src\main\AndroidManifest.xml:38:13-40:29
49                <action android:name="android.appwidget.action.APPWIDGET_UPDATE" />
49-->src\main\AndroidManifest.xml:39:17-84
49-->src\main\AndroidManifest.xml:39:25-81
50            </intent-filter>
51
52            <meta-data
52-->src\main\AndroidManifest.xml:42:13-44:67
53                android:name="android.appwidget.provider"
53-->src\main\AndroidManifest.xml:43:17-58
54                android:resource="@xml/customizing_widget_info" />
54-->src\main\AndroidManifest.xml:44:17-64
55        </receiver>
56
57        <activity
57-->src\main\AndroidManifest.xml:47:9-55:20
58            android:name="com.example.ai_customizing.MainActivity"
58-->src\main\AndroidManifest.xml:48:13-41
59            android:exported="true" >
59-->src\main\AndroidManifest.xml:49:13-36
60            <intent-filter>
60-->src\main\AndroidManifest.xml:50:13-54:29
61                <action android:name="android.intent.action.MAIN" />
61-->src\main\AndroidManifest.xml:51:17-69
61-->src\main\AndroidManifest.xml:51:25-66
62
63                <category android:name="android.intent.category.LAUNCHER" />
63-->src\main\AndroidManifest.xml:53:17-77
63-->src\main\AndroidManifest.xml:53:27-74
64            </intent-filter>
65        </activity>
66        <activity android:name="com.example.ai_customizing.ServerMainActivity" />
66-->src\main\AndroidManifest.xml:57:9-56
66-->src\main\AndroidManifest.xml:57:19-53
67
68        <service
68-->src\main\AndroidManifest.xml:59:9-70:19
69            android:name="com.example.ai_customizing.MyAccessibilityService"
69-->src\main\AndroidManifest.xml:60:13-51
70            android:exported="false"
70-->src\main\AndroidManifest.xml:62:13-37
71            android:permission="android.permission.BIND_ACCESSIBILITY_SERVICE" >
71-->src\main\AndroidManifest.xml:61:13-79
72            <intent-filter>
72-->src\main\AndroidManifest.xml:63:13-65:29
73                <action android:name="android.accessibilityservice.AccessibilityService" />
73-->src\main\AndroidManifest.xml:64:17-92
73-->src\main\AndroidManifest.xml:64:25-89
74            </intent-filter>
75
76            <meta-data
76-->src\main\AndroidManifest.xml:67:13-69:72
77                android:name="android.accessibilityservice"
77-->src\main\AndroidManifest.xml:68:17-60
78                android:resource="@xml/accessibility_service_config" />
78-->src\main\AndroidManifest.xml:69:17-69
79        </service>
80
81        <provider
81-->[androidx.emoji2:emoji2:1.3.0] AndroidManifest.xml:24:9-32:20
82            android:name="androidx.startup.InitializationProvider"
82-->[androidx.emoji2:emoji2:1.3.0] AndroidManifest.xml:25:13-67
83            android:authorities="com.example.ai_customizing.androidx-startup"
83-->[androidx.emoji2:emoji2:1.3.0] AndroidManifest.xml:26:13-68
84            android:exported="false" >
84-->[androidx.emoji2:emoji2:1.3.0] AndroidManifest.xml:27:13-37
85            <meta-data
85-->[androidx.emoji2:emoji2:1.3.0] AndroidManifest.xml:29:13-31:52
86                android:name="androidx.emoji2.text.EmojiCompatInitializer"
86-->[androidx.emoji2:emoji2:1.3.0] AndroidManifest.xml:30:17-75
87                android:value="androidx.startup" />
87-->[androidx.emoji2:emoji2:1.3.0] AndroidManifest.xml:31:17-49
88            <meta-data
88-->[androidx.lifecycle:lifecycle-process:2.6.2] AndroidManifest.xml:29:13-31:52
89                android:name="androidx.lifecycle.ProcessLifecycleInitializer"
89-->[androidx.lifecycle:lifecycle-process:2.6.2] AndroidManifest.xml:30:17-78
90                android:value="androidx.startup" />
90-->[androidx.lifecycle:lifecycle-process:2.6.2] AndroidManifest.xml:31:17-49
91            <meta-data
91-->[androidx.profileinstaller:profileinstaller:1.3.1] AndroidManifest.xml:29:13-31:52
92                android:name="androidx.profileinstaller.ProfileInstallerInitializer"
92-->[androidx.profileinstaller:profileinstaller:1.3.1] AndroidManifest.xml:30:17-85
93                android:value="androidx.startup" />
93-->[androidx.profileinstaller:profileinstaller:1.3.1] AndroidManifest.xml:31:17-49
94        </provider>
95
96        <receiver
96-->[androidx.profileinstaller:profileinstaller:1.3.1] AndroidManifest.xml:34:9-52:20
97            android:name="androidx.profileinstaller.ProfileInstallReceiver"
97-->[androidx.profileinstaller:profileinstaller:1.3.1] AndroidManifest.xml:35:13-76
98            android:directBootAware="false"
98-->[androidx.profileinstaller:profileinstaller:1.3.1] AndroidManifest.xml:36:13-44
99            android:enabled="true"
99-->[androidx.profileinstaller:profileinstaller:1.3.1] AndroidManifest.xml:37:13-35
100            android:exported="true"
100-->[androidx.profileinstaller:profileinstaller:1.3.1] AndroidManifest.xml:38:13-36
101            android:permission="android.permission.DUMP" >
101-->[androidx.profileinstaller:profileinstaller:1.3.1] AndroidManifest.xml:39:13-57
102            <intent-filter>
102-->[androidx.profileinstaller:profileinstaller:1.3.1] AndroidManifest.xml:40:13-42:29
103                <action android:name="androidx.profileinstaller.action.INSTALL_PROFILE" />
103-->[androidx.profileinstaller:profileinstaller:1.3.1] AndroidManifest.xml:41:17-91
103-->[androidx.profileinstaller:profileinstaller:1.3.1] AndroidManifest.xml:41:25-88
104            </intent-filter>
105            <intent-filter>
105-->[androidx.profileinstaller:profileinstaller:1.3.1] AndroidManifest.xml:43:13-45:29
106                <action android:name="androidx.profileinstaller.action.SKIP_FILE" />
106-->[androidx.profileinstaller:profileinstaller:1.3.1] AndroidManifest.xml:44:17-85
106-->[androidx.profileinstaller:profileinstaller:1.3.1] AndroidManifest.xml:44:25-82
107            </intent-filter>
108            <intent-filter>
108-->[androidx.profileinstaller:profileinstaller:1.3.1] AndroidManifest.xml:46:13-48:29
109                <action android:name="androidx.profileinstaller.action.SAVE_PROFILE" />
109-->[androidx.profileinstaller:profileinstaller:1.3.1] AndroidManifest.xml:47:17-88
109-->[androidx.profileinstaller:profileinstaller:1.3.1] AndroidManifest.xml:47:25-85
110            </intent-filter>
111            <intent-filter>
111-->[androidx.profileinstaller:profileinstaller:1.3.1] AndroidManifest.xml:49:13-51:29
112                <action android:name="androidx.profileinstaller.action.BENCHMARK_OPERATION" />
112-->[androidx.profileinstaller:profileinstaller:1.3.1] AndroidManifest.xml:50:17-95
112-->[androidx.profileinstaller:profileinstaller:1.3.1] AndroidManifest.xml:50:25-92
113            </intent-filter>
114        </receiver>
115    </application>
116
117</manifest>